<?xml version='1.0' encoding='UTF-8' ?>
<testsuite name="com.example.lunchtray.MenuContentTests" tests="14" failures="4" errors="0" skipped="0" time="28.137" timestamp="2022-10-28T10:56:05" hostname="localhost">
  <properties>
    <property name="device" value="SM-G973F - 12" />
    <property name="flavor" value="" />
    <property name="project" value=":app" />
  </properties>
  <testcase name="side_menu_item_content" classname="com.example.lunchtray.MenuContentTests" time="1.277" />
  <testcase name="entree_menu_item_content" classname="com.example.lunchtray.MenuContentTests" time="0.248" />
  <testcase name="accompaniment_menu_item_content" classname="com.example.lunchtray.MenuContentTests" time="0.249" />
  <testcase name="initializationError" classname="com.example.lunchtray.NavigationTests" time="0.065">
    <failure>java.lang.RuntimeException: Failed to instantiate test runner class androidx.test.internal.runner.junit4.AndroidJUnit4ClassRunner
Test class class com.example.lunchtray.NavigationTests is malformed. (1 problems):
java.lang.Exception: No runnable methods


at androidx.test.ext.junit.runners.AndroidJUnit4.throwInitializationError(AndroidJUnit4.java:129)
at androidx.test.ext.junit.runners.AndroidJUnit4.loadRunner(AndroidJUnit4.java:121)
at androidx.test.ext.junit.runners.AndroidJUnit4.loadRunner(AndroidJUnit4.java:82)
at androidx.test.ext.junit.runners.AndroidJUnit4.&lt;init&gt;(AndroidJUnit4.java:56)
... 15 trimmed
Caused by: java.lang.reflect.InvocationTargetException
at java.lang.reflect.Constructor.newInstance0(Native Method)
at java.lang.reflect.Constructor.newInstance(Constructor.java:343)
at androidx.test.ext.junit.runners.AndroidJUnit4.loadRunner(AndroidJUnit4.java:112)
... 18 more
Caused by: org.junit.runners.model.InitializationError
at org.junit.runners.ParentRunner.validate(ParentRunner.java:418)
at org.junit.runners.ParentRunner.&lt;init&gt;(ParentRunner.java:84)
at org.junit.runners.BlockJUnit4ClassRunner.&lt;init&gt;(BlockJUnit4ClassRunner.java:65)
at androidx.test.internal.runner.junit4.AndroidJUnit4ClassRunner.&lt;init&gt;(AndroidJUnit4ClassRunner.java:43)
at androidx.test.internal.runner.junit4.AndroidJUnit4ClassRunner.&lt;init&gt;(AndroidJUnit4ClassRunner.java:48)
... 21 more</failure>
  </testcase>
  <testcase name="radio_buttons_update_side_menu_subtotal" classname="com.example.lunchtray.OrderFunctionalityTests" time="0.544">
    <failure>androidx.test.espresso.base.DefaultFailureHandler$AssertionFailedWithCauseError: 'an instance of android.widget.TextView and view.getText() with or without transformation to match: a string containing "Subtotal: $2.50"' doesn't match the selected view.
Expected: an instance of android.widget.TextView and view.getText() with or without transformation to match: a string containing "Subtotal: $2.50"
Got: view.getText() was "Subtotal: $0.00"
View Details: TextView{id=2131231216, res-name=subtotal, visibility=VISIBLE, width=357, height=70, has-focus=false, has-focusable=false, has-window-focus=true, is-clickable=false, is-enabled=true, is-focused=false, is-focusable=false, is-layout-requested=false, is-selected=false, layout-params=androidx.constraintlayout.widget.ConstraintLayout$LayoutParams&#64;6fee69d, tag=null, root-is-layout-requested=false, has-input-connection=false, x=681.0, y=1084.0, text=Subtotal: $0.00, input-type=0, ime-target=false, has-links=false}

at dalvik.system.VMStack.getThreadStackTrace(Native Method)
at java.lang.Thread.getStackTrace(Thread.java:1724)
at androidx.test.espresso.base.DefaultFailureHandler.getUserFriendlyError(DefaultFailureHandler.java:12)
at androidx.test.espresso.base.DefaultFailureHandler.handle(DefaultFailureHandler.java:7)
at androidx.test.espresso.ViewInteraction.waitForAndHandleInteractionResults(ViewInteraction.java:5)
at androidx.test.espresso.ViewInteraction.check(ViewInteraction.java:12)
at com.example.lunchtray.OrderFunctionalityTests.radio_buttons_update_side_menu_subtotal(OrderFunctionalityTests.kt:84)
... 27 trimmed
Caused by: junit.framework.AssertionFailedError: 'an instance of android.widget.TextView and view.getText() with or without transformation to match: a string containing "Subtotal: $2.50"' doesn't match the selected view.
Expected: an instance of android.widget.TextView and view.getText() with or without transformation to match: a string containing "Subtotal: $2.50"
Got: view.getText() was "Subtotal: $0.00"
View Details: TextView{id=2131231216, res-name=subtotal, visibility=VISIBLE, width=357, height=70, has-focus=false, has-focusable=false, has-window-focus=true, is-clickable=false, is-enabled=true, is-focused=false, is-focusable=false, is-layout-requested=false, is-selected=false, layout-params=androidx.constraintlayout.widget.ConstraintLayout$LayoutParams&#64;6fee69d, tag=null, root-is-layout-requested=false, has-input-connection=false, x=681.0, y=1084.0, text=Subtotal: $0.00, input-type=0, ime-target=false, has-links=false}

at androidx.test.espresso.matcher.ViewMatchers.assertThat(ViewMatchers.java:16)
at androidx.test.espresso.assertion.ViewAssertions$MatchesViewAssertion.check(ViewAssertions.java:11)
at androidx.test.espresso.ViewInteraction$SingleExecutionViewAssertion.check(ViewInteraction.java:2)
at androidx.test.espresso.ViewInteraction$2.call(ViewInteraction.java:12)
at androidx.test.espresso.ViewInteraction$2.call(ViewInteraction.java:1)
at java.util.concurrent.FutureTask.run(FutureTask.java:266)
at android.os.Handler.handleCallback(Handler.java:938)
at android.os.Handler.dispatchMessage(Handler.java:99)
at android.os.Looper.loopOnce(Looper.java:226)
at android.os.Looper.loop(Looper.java:313)
at android.app.ActivityThread.main(ActivityThread.java:8663)
at java.lang.reflect.Method.invoke(Native Method)
at com.android.internal.os.RuntimeInit$MethodAndArgsCaller.run(RuntimeInit.java:567)
at com.android.internal.os.ZygoteInit.main(ZygoteInit.java:1135)</failure>
  </testcase>
  <testcase name="order_reset_after_cancel_from_accompaniment_menu" classname="com.example.lunchtray.OrderFunctionalityTests" time="3.084" />
  <testcase name="subtotal_updates_in_full_order_flow" classname="com.example.lunchtray.OrderFunctionalityTests" time="2.52" />
  <testcase name="order_snackbar" classname="com.example.lunchtray.OrderFunctionalityTests" time="2.773" />
  <testcase name="order_reset_after_cancel_from_entree_menu" classname="com.example.lunchtray.OrderFunctionalityTests" time="1.603" />
  <testcase name="subtotal_tax_total_in_checkout" classname="com.example.lunchtray.OrderFunctionalityTests" time="2.386" />
  <testcase name="radio_buttons_update_accompaniment_menu_subtotal" classname="com.example.lunchtray.OrderFunctionalityTests" time="0.555">
    <failure>androidx.test.espresso.base.DefaultFailureHandler$AssertionFailedWithCauseError: 'an instance of android.widget.TextView and view.getText() with or without transformation to match: a string containing "Subtotal: $0.50"' doesn't match the selected view.
Expected: an instance of android.widget.TextView and view.getText() with or without transformation to match: a string containing "Subtotal: $0.50"
Got: view.getText() was "Subtotal: $0.00"
View Details: TextView{id=2131231216, res-name=subtotal, visibility=VISIBLE, width=357, height=70, has-focus=false, has-focusable=false, has-window-focus=true, is-clickable=false, is-enabled=true, is-focused=false, is-focusable=false, is-layout-requested=false, is-selected=false, layout-params=androidx.constraintlayout.widget.ConstraintLayout$LayoutParams&#64;513db6f, tag=null, root-is-layout-requested=false, has-input-connection=false, x=681.0, y=800.0, text=Subtotal: $0.00, input-type=0, ime-target=false, has-links=false}

at dalvik.system.VMStack.getThreadStackTrace(Native Method)
at java.lang.Thread.getStackTrace(Thread.java:1724)
at androidx.test.espresso.base.DefaultFailureHandler.getUserFriendlyError(DefaultFailureHandler.java:12)
at androidx.test.espresso.base.DefaultFailureHandler.handle(DefaultFailureHandler.java:7)
at androidx.test.espresso.ViewInteraction.waitForAndHandleInteractionResults(ViewInteraction.java:5)
at androidx.test.espresso.ViewInteraction.check(ViewInteraction.java:12)
at com.example.lunchtray.OrderFunctionalityTests.radio_buttons_update_accompaniment_menu_subtotal(OrderFunctionalityTests.kt:116)
... 27 trimmed
Caused by: junit.framework.AssertionFailedError: 'an instance of android.widget.TextView and view.getText() with or without transformation to match: a string containing "Subtotal: $0.50"' doesn't match the selected view.
Expected: an instance of android.widget.TextView and view.getText() with or without transformation to match: a string containing "Subtotal: $0.50"
Got: view.getText() was "Subtotal: $0.00"
View Details: TextView{id=2131231216, res-name=subtotal, visibility=VISIBLE, width=357, height=70, has-focus=false, has-focusable=false, has-window-focus=true, is-clickable=false, is-enabled=true, is-focused=false, is-focusable=false, is-layout-requested=false, is-selected=false, layout-params=androidx.constraintlayout.widget.ConstraintLayout$LayoutParams&#64;513db6f, tag=null, root-is-layout-requested=false, has-input-connection=false, x=681.0, y=800.0, text=Subtotal: $0.00, input-type=0, ime-target=false, has-links=false}

at androidx.test.espresso.matcher.ViewMatchers.assertThat(ViewMatchers.java:16)
at androidx.test.espresso.assertion.ViewAssertions$MatchesViewAssertion.check(ViewAssertions.java:11)
at androidx.test.espresso.ViewInteraction$SingleExecutionViewAssertion.check(ViewInteraction.java:2)
at androidx.test.espresso.ViewInteraction$2.call(ViewInteraction.java:12)
at androidx.test.espresso.ViewInteraction$2.call(ViewInteraction.java:1)
at java.util.concurrent.FutureTask.run(FutureTask.java:266)
at android.os.Handler.handleCallback(Handler.java:938)
at android.os.Handler.dispatchMessage(Handler.java:99)
at android.os.Looper.loopOnce(Looper.java:226)
at android.os.Looper.loop(Looper.java:313)
at android.app.ActivityThread.main(ActivityThread.java:8663)
at java.lang.reflect.Method.invoke(Native Method)
at com.android.internal.os.RuntimeInit$MethodAndArgsCaller.run(RuntimeInit.java:567)
at com.android.internal.os.ZygoteInit.main(ZygoteInit.java:1135)</failure>
  </testcase>
  <testcase name="order_reset_after_cancel_from_side_menu" classname="com.example.lunchtray.OrderFunctionalityTests" time="2.09" />
  <testcase name="radio_buttons_update_entree_menu_subtotal" classname="com.example.lunchtray.OrderFunctionalityTests" time="0.522">
    <failure>androidx.test.espresso.base.DefaultFailureHandler$AssertionFailedWithCauseError: 'an instance of android.widget.TextView and view.getText() with or without transformation to match: a string containing "Subtotal: $7.00"' doesn't match the selected view.
Expected: an instance of android.widget.TextView and view.getText() with or without transformation to match: a string containing "Subtotal: $7.00"
Got: view.getText() was "Subtotal: $0.00"
View Details: TextView{id=2131231216, res-name=subtotal, visibility=VISIBLE, width=357, height=70, has-focus=false, has-focusable=false, has-window-focus=true, is-clickable=false, is-enabled=true, is-focused=false, is-focusable=false, is-layout-requested=false, is-selected=false, layout-params=androidx.constraintlayout.widget.ConstraintLayout$LayoutParams&#64;677750e, tag=null, root-is-layout-requested=false, has-input-connection=false, x=681.0, y=1178.0, text=Subtotal: $0.00, input-type=0, ime-target=false, has-links=false}

at dalvik.system.VMStack.getThreadStackTrace(Native Method)
at java.lang.Thread.getStackTrace(Thread.java:1724)
at androidx.test.espresso.base.DefaultFailureHandler.getUserFriendlyError(DefaultFailureHandler.java:12)
at androidx.test.espresso.base.DefaultFailureHandler.handle(DefaultFailureHandler.java:7)
at androidx.test.espresso.ViewInteraction.waitForAndHandleInteractionResults(ViewInteraction.java:5)
at androidx.test.espresso.ViewInteraction.check(ViewInteraction.java:12)
at com.example.lunchtray.OrderFunctionalityTests.radio_buttons_update_entree_menu_subtotal(OrderFunctionalityTests.kt:52)
... 27 trimmed
Caused by: junit.framework.AssertionFailedError: 'an instance of android.widget.TextView and view.getText() with or without transformation to match: a string containing "Subtotal: $7.00"' doesn't match the selected view.
Expected: an instance of android.widget.TextView and view.getText() with or without transformation to match: a string containing "Subtotal: $7.00"
Got: view.getText() was "Subtotal: $0.00"
View Details: TextView{id=2131231216, res-name=subtotal, visibility=VISIBLE, width=357, height=70, has-focus=false, has-focusable=false, has-window-focus=true, is-clickable=false, is-enabled=true, is-focused=false, is-focusable=false, is-layout-requested=false, is-selected=false, layout-params=androidx.constraintlayout.widget.ConstraintLayout$LayoutParams&#64;677750e, tag=null, root-is-layout-requested=false, has-input-connection=false, x=681.0, y=1178.0, text=Subtotal: $0.00, input-type=0, ime-target=false, has-links=false}

at androidx.test.espresso.matcher.ViewMatchers.assertThat(ViewMatchers.java:16)
at androidx.test.espresso.assertion.ViewAssertions$MatchesViewAssertion.check(ViewAssertions.java:11)
at androidx.test.espresso.ViewInteraction$SingleExecutionViewAssertion.check(ViewInteraction.java:2)
at androidx.test.espresso.ViewInteraction$2.call(ViewInteraction.java:12)
at androidx.test.espresso.ViewInteraction$2.call(ViewInteraction.java:1)
at java.util.concurrent.FutureTask.run(FutureTask.java:266)
at android.os.Handler.handleCallback(Handler.java:938)
at android.os.Handler.dispatchMessage(Handler.java:99)
at android.os.Looper.loopOnce(Looper.java:226)
at android.os.Looper.loop(Looper.java:313)
at android.app.ActivityThread.main(ActivityThread.java:8663)
at java.lang.reflect.Method.invoke(Native Method)
at com.android.internal.os.RuntimeInit$MethodAndArgsCaller.run(RuntimeInit.java:567)
at com.android.internal.os.ZygoteInit.main(ZygoteInit.java:1135)</failure>
  </testcase>
  <testcase name="order_reset_after_cancel_from_checkout" classname="com.example.lunchtray.OrderFunctionalityTests" time="3.175" />
</testsuite>